0 info it worked if it ends with ok
1 verbose cli [ '/Users/hpatel/.nvm/versions/node/v7.0.0/bin/node',
1 verbose cli   '/Users/hpatel/.nvm/versions/node/v7.0.0/bin/npm',
1 verbose cli   'install',
1 verbose cli   'eslint' ]
2 info using npm@3.10.10
3 info using node@v7.0.0
4 verbose config Skipping project config: /Users/hpatel/.npmrc. (matches userconfig)
5 silly loadCurrentTree Starting
6 silly install loadCurrentTree
7 silly install readLocalPackageData
8 silly fetchPackageMetaData eslint
9 silly fetchNamedPackageData eslint
10 silly mapToRegistry name eslint
11 silly mapToRegistry using default registry
12 silly mapToRegistry registry https://npmrepo-dev.wsgc.com/repository/wsgc-npm/
13 silly mapToRegistry data Result {
13 silly mapToRegistry   raw: 'eslint',
13 silly mapToRegistry   scope: null,
13 silly mapToRegistry   escapedName: 'eslint',
13 silly mapToRegistry   name: 'eslint',
13 silly mapToRegistry   rawSpec: '',
13 silly mapToRegistry   spec: 'latest',
13 silly mapToRegistry   type: 'tag' }
14 silly mapToRegistry uri https://npmrepo-dev.wsgc.com/repository/wsgc-npm/eslint
15 verbose request uri https://npmrepo-dev.wsgc.com/repository/wsgc-npm/eslint
16 verbose request no auth needed
17 info attempt registry request try #1 at 7:37:46 AM
18 verbose request using bearer token for auth
19 verbose request id dcc7e260610579c2
20 http request GET https://npmrepo-dev.wsgc.com/repository/wsgc-npm/eslint
21 info retry will retry, error on last attempt: Error: getaddrinfo ENOTFOUND npmrepo-dev.wsgc.com npmrepo-dev.wsgc.com:443
22 info attempt registry request try #2 at 7:37:56 AM
23 verbose request using bearer token for auth
24 http request GET https://npmrepo-dev.wsgc.com/repository/wsgc-npm/eslint
25 info retry will retry, error on last attempt: Error: getaddrinfo ENOTFOUND npmrepo-dev.wsgc.com npmrepo-dev.wsgc.com:443
26 info attempt registry request try #3 at 7:38:56 AM
27 verbose request using bearer token for auth
28 http request GET https://npmrepo-dev.wsgc.com/repository/wsgc-npm/eslint
29 silly get cb [ 304, undefined ]
30 silly fetchPackageMetaData Error: failed to fetch from registry: https://npmrepo-dev.wsgc.com/repository/wsgc-npm/eslint
30 silly fetchPackageMetaData     at /Users/hpatel/.nvm/versions/node/v7.0.0/lib/node_modules/npm/lib/cache/caching-client.js:164:27
30 silly fetchPackageMetaData     at /Users/hpatel/.nvm/versions/node/v7.0.0/lib/node_modules/npm/lib/cache/caching-client.js:53:8
30 silly fetchPackageMetaData     at f (/Users/hpatel/.nvm/versions/node/v7.0.0/lib/node_modules/npm/node_modules/once/once.js:25:25)
30 silly fetchPackageMetaData     at /Users/hpatel/.nvm/versions/node/v7.0.0/lib/node_modules/npm/node_modules/npm-registry-client/lib/request.js:89:10
30 silly fetchPackageMetaData     at /Users/hpatel/.nvm/versions/node/v7.0.0/lib/node_modules/npm/node_modules/npm-registry-client/lib/request.js:103:12
30 silly fetchPackageMetaData     at f (/Users/hpatel/.nvm/versions/node/v7.0.0/lib/node_modules/npm/node_modules/once/once.js:25:25)
30 silly fetchPackageMetaData     at CachingRegistryClient.<anonymous> (/Users/hpatel/.nvm/versions/node/v7.0.0/lib/node_modules/npm/node_modules/npm-registry-client/lib/request.js:224:20)
30 silly fetchPackageMetaData     at Request._callback (/Users/hpatel/.nvm/versions/node/v7.0.0/lib/node_modules/npm/node_modules/npm-registry-client/lib/request.js:201:20)
30 silly fetchPackageMetaData     at self.callback (/Users/hpatel/.nvm/versions/node/v7.0.0/lib/node_modules/npm/node_modules/request/request.js:187:22)
30 silly fetchPackageMetaData     at emitOne (events.js:101:20)
30 silly fetchPackageMetaData  error for eslint Error: failed to fetch from registry: https://npmrepo-dev.wsgc.com/repository/wsgc-npm/eslint
30 silly fetchPackageMetaData     at /Users/hpatel/.nvm/versions/node/v7.0.0/lib/node_modules/npm/lib/cache/caching-client.js:164:27
30 silly fetchPackageMetaData     at /Users/hpatel/.nvm/versions/node/v7.0.0/lib/node_modules/npm/lib/cache/caching-client.js:53:8
30 silly fetchPackageMetaData     at f (/Users/hpatel/.nvm/versions/node/v7.0.0/lib/node_modules/npm/node_modules/once/once.js:25:25)
30 silly fetchPackageMetaData     at /Users/hpatel/.nvm/versions/node/v7.0.0/lib/node_modules/npm/node_modules/npm-registry-client/lib/request.js:89:10
30 silly fetchPackageMetaData     at /Users/hpatel/.nvm/versions/node/v7.0.0/lib/node_modules/npm/node_modules/npm-registry-client/lib/request.js:103:12
30 silly fetchPackageMetaData     at f (/Users/hpatel/.nvm/versions/node/v7.0.0/lib/node_modules/npm/node_modules/once/once.js:25:25)
30 silly fetchPackageMetaData     at CachingRegistryClient.<anonymous> (/Users/hpatel/.nvm/versions/node/v7.0.0/lib/node_modules/npm/node_modules/npm-registry-client/lib/request.js:224:20)
30 silly fetchPackageMetaData     at Request._callback (/Users/hpatel/.nvm/versions/node/v7.0.0/lib/node_modules/npm/node_modules/npm-registry-client/lib/request.js:201:20)
30 silly fetchPackageMetaData     at self.callback (/Users/hpatel/.nvm/versions/node/v7.0.0/lib/node_modules/npm/node_modules/request/request.js:187:22)
30 silly fetchPackageMetaData     at emitOne (events.js:101:20)
31 silly rollbackFailedOptional Starting
32 silly rollbackFailedOptional Finishing
33 silly runTopLevelLifecycles Finishing
34 silly install printInstalled
35 verbose stack Error: failed to fetch from registry: https://npmrepo-dev.wsgc.com/repository/wsgc-npm/eslint
35 verbose stack     at /Users/hpatel/.nvm/versions/node/v7.0.0/lib/node_modules/npm/lib/cache/caching-client.js:164:27
35 verbose stack     at /Users/hpatel/.nvm/versions/node/v7.0.0/lib/node_modules/npm/lib/cache/caching-client.js:53:8
35 verbose stack     at f (/Users/hpatel/.nvm/versions/node/v7.0.0/lib/node_modules/npm/node_modules/once/once.js:25:25)
35 verbose stack     at /Users/hpatel/.nvm/versions/node/v7.0.0/lib/node_modules/npm/node_modules/npm-registry-client/lib/request.js:89:10
35 verbose stack     at /Users/hpatel/.nvm/versions/node/v7.0.0/lib/node_modules/npm/node_modules/npm-registry-client/lib/request.js:103:12
35 verbose stack     at f (/Users/hpatel/.nvm/versions/node/v7.0.0/lib/node_modules/npm/node_modules/once/once.js:25:25)
35 verbose stack     at CachingRegistryClient.<anonymous> (/Users/hpatel/.nvm/versions/node/v7.0.0/lib/node_modules/npm/node_modules/npm-registry-client/lib/request.js:224:20)
35 verbose stack     at Request._callback (/Users/hpatel/.nvm/versions/node/v7.0.0/lib/node_modules/npm/node_modules/npm-registry-client/lib/request.js:201:20)
35 verbose stack     at self.callback (/Users/hpatel/.nvm/versions/node/v7.0.0/lib/node_modules/npm/node_modules/request/request.js:187:22)
35 verbose stack     at emitOne (events.js:101:20)
36 verbose cwd /Users/hpatel/Desktop/hackerrank/js
37 error Darwin 17.7.0
38 error argv "/Users/hpatel/.nvm/versions/node/v7.0.0/bin/node" "/Users/hpatel/.nvm/versions/node/v7.0.0/bin/npm" "install" "eslint"
39 error node v7.0.0
40 error npm  v3.10.10
41 error failed to fetch from registry: https://npmrepo-dev.wsgc.com/repository/wsgc-npm/eslint
42 error If you need help, you may report this error at:
42 error     <https://github.com/npm/npm/issues>
43 verbose exit [ 1, true ]
